SYSTEM:	5 servers, 3 clients, 10 accounts

Transactions 1541
  1 | -13569 | <0.75.0>
  2 |  -1080 | <0.75.0>
  3 |   1726 | <0.75.0>
  4 | -10688 | <0.75.0>
  5 |  -8978 | <0.75.0>
  6 |   1501 | <0.75.0>
  7 |  17357 | <0.75.0>
  8 |  -1971 | <0.75.0>
  9 |  10778 | <0.75.0>
 10 |   4924 | <0.75.0>

Transactions 1541
  1 | -13569 | <0.67.0>
  2 |  -1080 | <0.67.0>
  3 |   1726 | <0.67.0>
  4 | -10688 | <0.67.0>
  5 |  -8978 | <0.67.0>
  6 |   1501 | <0.67.0>
  7 |  17357 | <0.67.0>
  8 |  -1971 | <0.67.0>
  9 |  10778 | <0.67.0>
 10 |   4924 | <0.67.0>

Transactions 1541
  1 | -13569 | <0.59.0>
  2 |  -1080 | <0.59.0>
  3 |   1726 | <0.59.0>
  4 | -10688 | <0.59.0>
  5 |  -8978 | <0.59.0>
  6 |   1501 | <0.59.0>
  7 |  17357 | <0.59.0>
  8 |  -1971 | <0.59.0>
  9 |  10778 | <0.59.0>
 10 |   4924 | <0.59.0>

Transactions 1541
  1 | -13569 | <0.63.0>
  2 |  -1080 | <0.63.0>
  3 |   1726 | <0.63.0>
  4 | -10688 | <0.63.0>
  5 |  -8978 | <0.63.0>
  6 |   1501 | <0.63.0>
  7 |  17357 | <0.63.0>
  8 |  -1971 | <0.63.0>
  9 |  10778 | <0.63.0>
 10 |   4924 | <0.63.0>

Transactions 1541
  1 | -13569 | <0.71.0>
  2 |  -1080 | <0.71.0>
  3 |   1726 | <0.71.0>
  4 | -10688 | <0.71.0>
  5 |  -8978 | <0.71.0>
  6 |   1501 | <0.71.0>
  7 |  17357 | <0.71.0>
  8 |  -1971 | <0.71.0>
  9 |  10778 | <0.71.0>
 10 |   4924 | <0.71.0>
