SYSTEM:	50 servers, 3 clients, 10 accounts

Transactions 176
  1 |   2440 | <0.160.0>
  2 |   3135 | <0.160.0>
  3 |   -931 | <0.160.0>
  4 |  -2216 | <0.160.0>
  5 |  -2060 | <0.160.0>
  6 |  -1593 | <0.160.0>
  7 |   2465 | <0.160.0>
  8 |    370 | <0.160.0>
  9 |  -3213 | <0.160.0>
 10 |   1603 | <0.160.0>

Transactions 176
  1 |   2440 | <0.150.0>
  2 |   3135 | <0.150.0>
  3 |   -931 | <0.150.0>
  4 |  -2216 | <0.150.0>
  5 |  -2060 | <0.150.0>
  6 |  -1593 | <0.150.0>
  7 |   2465 | <0.150.0>
  8 |    370 | <0.150.0>
  9 |  -3213 | <0.150.0>
 10 |   1603 | <0.150.0>

Transactions 176
  1 |   2440 | <0.108.0>
  2 |   3135 | <0.108.0>
  3 |   -931 | <0.108.0>
  4 |  -2216 | <0.108.0>
  5 |  -2060 | <0.108.0>
  6 |  -1593 | <0.108.0>
  7 |   2465 | <0.108.0>
  8 |    370 | <0.108.0>
  9 |  -3213 | <0.108.0>
 10 |   1603 | <0.108.0>

Transactions 176
  1 |   2440 | <0.264.0>
  2 |   3135 | <0.264.0>
  3 |   -931 | <0.264.0>
  4 |  -2216 | <0.264.0>
  5 |  -2060 | <0.264.0>
  6 |  -1593 | <0.264.0>
  7 |   2465 | <0.264.0>
  8 |    370 | <0.264.0>
  9 |  -3213 | <0.264.0>
 10 |   1603 | <0.264.0>

Transactions 176
  1 |   2440 | <0.288.0>
  2 |   3135 | <0.288.0>
  3 |   -931 | <0.288.0>
  4 |  -2216 | <0.288.0>
  5 |  -2060 | <0.288.0>
  6 |  -1593 | <0.288.0>
  7 |   2465 | <0.288.0>
  8 |    370 | <0.288.0>
  9 |  -3213 | <0.288.0>
 10 |   1603 | <0.288.0>

Transactions 176
  1 |   2440 | <0.296.0>
  2 |   3135 | <0.296.0>
  3 |   -931 | <0.296.0>
  4 |  -2216 | <0.296.0>
  5 |  -2060 | <0.296.0>
  6 |  -1593 | <0.296.0>
  7 |   2465 | <0.296.0>
  8 |    370 | <0.296.0>
  9 |  -3213 | <0.296.0>
 10 |   1603 | <0.296.0>

Transactions 176
  1 |   2440 | <0.200.0>
  2 |   3135 | <0.200.0>
  3 |   -931 | <0.200.0>
  4 |  -2216 | <0.200.0>
  5 |  -2060 | <0.200.0>
  6 |  -1593 | <0.200.0>
  7 |   2465 | <0.200.0>
  8 |    370 | <0.200.0>
  9 |  -3213 | <0.200.0>
 10 |   1603 | <0.200.0>

Transactions 176
  1 |   2440 | <0.112.0>
  2 |   3135 | <0.112.0>
  3 |   -931 | <0.112.0>
  4 |  -2216 | <0.112.0>
  5 |  -2060 | <0.112.0>
  6 |  -1593 | <0.112.0>
  7 |   2465 | <0.112.0>
  8 |    370 | <0.112.0>
  9 |  -3213 | <0.112.0>
 10 |   1603 | <0.112.0>

Transactions 176
  1 |   2440 | <0.204.0>
  2 |   3135 | <0.204.0>
  3 |   -931 | <0.204.0>
  4 |  -2216 | <0.204.0>
  5 |  -2060 | <0.204.0>
  6 |  -1593 | <0.204.0>
  7 |   2465 | <0.204.0>
  8 |    370 | <0.204.0>
  9 |  -3213 | <0.204.0>
 10 |   1603 | <0.204.0>

Transactions 176
  1 |   2440 | <0.208.0>
  2 |   3135 | <0.208.0>
  3 |   -931 | <0.208.0>
  4 |  -2216 | <0.208.0>
  5 |  -2060 | <0.208.0>
  6 |  -1593 | <0.208.0>
  7 |   2465 | <0.208.0>
  8 |    370 | <0.208.0>
  9 |  -3213 | <0.208.0>
 10 |   1603 | <0.208.0>

Transactions 176
  1 |   2440 | <0.224.0>
  2 |   3135 | <0.224.0>
  3 |   -931 | <0.224.0>
  4 |  -2216 | <0.224.0>
  5 |  -2060 | <0.224.0>
  6 |  -1593 | <0.224.0>
  7 |   2465 | <0.224.0>
  8 |    370 | <0.224.0>
  9 |  -3213 | <0.224.0>
 10 |   1603 | <0.224.0>

Transactions 176
  1 |   2440 | <0.236.0>
  2 |   3135 | <0.236.0>
  3 |   -931 | <0.236.0>
  4 |  -2216 | <0.236.0>
  5 |  -2060 | <0.236.0>
  6 |  -1593 | <0.236.0>
  7 |   2465 | <0.236.0>
  8 |    370 | <0.236.0>
  9 |  -3213 | <0.236.0>
 10 |   1603 | <0.236.0>

Transactions 176
  1 |   2440 | <0.266.0>
  2 |   3135 | <0.266.0>
  3 |   -931 | <0.266.0>
  4 |  -2216 | <0.266.0>
  5 |  -2060 | <0.266.0>
  6 |  -1593 | <0.266.0>
  7 |   2465 | <0.266.0>
  8 |    370 | <0.266.0>
  9 |  -3213 | <0.266.0>
 10 |   1603 | <0.266.0>

Transactions 176
  1 |   2440 | <0.248.0>
  2 |   3135 | <0.248.0>
  3 |   -931 | <0.248.0>
  4 |  -2216 | <0.248.0>
  5 |  -2060 | <0.248.0>
  6 |  -1593 | <0.248.0>
  7 |   2465 | <0.248.0>
  8 |    370 | <0.248.0>
  9 |  -3213 | <0.248.0>
 10 |   1603 | <0.248.0>

Transactions 176
  1 |   2440 | <0.192.0>
  2 |   3135 | <0.192.0>
  3 |   -931 | <0.192.0>
  4 |  -2216 | <0.192.0>
  5 |  -2060 | <0.192.0>
  6 |  -1593 | <0.192.0>
  7 |   2465 | <0.192.0>
  8 |    370 | <0.192.0>
  9 |  -3213 | <0.192.0>
 10 |   1603 | <0.192.0>

Transactions 176
  1 |   2440 | <0.196.0>
  2 |   3135 | <0.196.0>
  3 |   -931 | <0.196.0>
  4 |  -2216 | <0.196.0>
  5 |  -2060 | <0.196.0>
  6 |  -1593 | <0.196.0>
  7 |   2465 | <0.196.0>
  8 |    370 | <0.196.0>
  9 |  -3213 | <0.196.0>
 10 |   1603 | <0.196.0>

Transactions 176
  1 |   2440 | <0.212.0>
  2 |   3135 | <0.212.0>
  3 |   -931 | <0.212.0>
  4 |  -2216 | <0.212.0>
  5 |  -2060 | <0.212.0>
  6 |  -1593 | <0.212.0>
  7 |   2465 | <0.212.0>
  8 |    370 | <0.212.0>
  9 |  -3213 | <0.212.0>
 10 |   1603 | <0.212.0>

Transactions 176
  1 |   2440 | <0.220.0>
  2 |   3135 | <0.220.0>
  3 |   -931 | <0.220.0>
  4 |  -2216 | <0.220.0>
  5 |  -2060 | <0.220.0>
  6 |  -1593 | <0.220.0>
  7 |   2465 | <0.220.0>
  8 |    370 | <0.220.0>
  9 |  -3213 | <0.220.0>
 10 |   1603 | <0.220.0>

Transactions 176
  1 |   2440 | <0.260.0>
  2 |   3135 | <0.260.0>
  3 |   -931 | <0.260.0>
  4 |  -2216 | <0.260.0>
  5 |  -2060 | <0.260.0>
  6 |  -1593 | <0.260.0>
  7 |   2465 | <0.260.0>
  8 |    370 | <0.260.0>
  9 |  -3213 | <0.260.0>
 10 |   1603 | <0.260.0>

Transactions 176
  1 |   2440 | <0.124.0>
  2 |   3135 | <0.124.0>
  3 |   -931 | <0.124.0>
  4 |  -2216 | <0.124.0>
  5 |  -2060 | <0.124.0>
  6 |  -1593 | <0.124.0>
  7 |   2465 | <0.124.0>
  8 |    370 | <0.124.0>
  9 |  -3213 | <0.124.0>
 10 |   1603 | <0.124.0>

Transactions 176
  1 |   2440 | <0.276.0>
  2 |   3135 | <0.276.0>
  3 |   -931 | <0.276.0>
  4 |  -2216 | <0.276.0>
  5 |  -2060 | <0.276.0>
  6 |  -1593 | <0.276.0>
  7 |   2465 | <0.276.0>
  8 |    370 | <0.276.0>
  9 |  -3213 | <0.276.0>
 10 |   1603 | <0.276.0>

Transactions 176
  1 |   2440 | <0.142.0>
  2 |   3135 | <0.142.0>
  3 |   -931 | <0.142.0>
  4 |  -2216 | <0.142.0>
  5 |  -2060 | <0.142.0>
  6 |  -1593 | <0.142.0>
  7 |   2465 | <0.142.0>
  8 |    370 | <0.142.0>
  9 |  -3213 | <0.142.0>
 10 |   1603 | <0.142.0>

Transactions 176
  1 |   2440 | <0.284.0>
  2 |   3135 | <0.284.0>
  3 |   -931 | <0.284.0>
  4 |  -2216 | <0.284.0>
  5 |  -2060 | <0.284.0>
  6 |  -1593 | <0.284.0>
  7 |   2465 | <0.284.0>
  8 |    370 | <0.284.0>
  9 |  -3213 | <0.284.0>
 10 |   1603 | <0.284.0>

Transactions 176
  1 |   2440 | <0.184.0>
  2 |   3135 | <0.184.0>
  3 |   -931 | <0.184.0>
  4 |  -2216 | <0.184.0>
  5 |  -2060 | <0.184.0>
  6 |  -1593 | <0.184.0>
  7 |   2465 | <0.184.0>
  8 |    370 | <0.184.0>
  9 |  -3213 | <0.184.0>
 10 |   1603 | <0.184.0>

Transactions 176
  1 |   2440 | <0.104.0>
  2 |   3135 | <0.104.0>
  3 |   -931 | <0.104.0>
  4 |  -2216 | <0.104.0>
  5 |  -2060 | <0.104.0>
  6 |  -1593 | <0.104.0>
  7 |   2465 | <0.104.0>
  8 |    370 | <0.104.0>
  9 |  -3213 | <0.104.0>
 10 |   1603 | <0.104.0>

Transactions 176
  1 |   2440 | <0.186.0>
  2 |   3135 | <0.186.0>
  3 |   -931 | <0.186.0>
  4 |  -2216 | <0.186.0>
  5 |  -2060 | <0.186.0>
  6 |  -1593 | <0.186.0>
  7 |   2465 | <0.186.0>
  8 |    370 | <0.186.0>
  9 |  -3213 | <0.186.0>
 10 |   1603 | <0.186.0>

Transactions 176
  1 |   2440 | <0.227.0>
  2 |   3135 | <0.227.0>
  3 |   -931 | <0.227.0>
  4 |  -2216 | <0.227.0>
  5 |  -2060 | <0.227.0>
  6 |  -1593 | <0.227.0>
  7 |   2465 | <0.227.0>
  8 |    370 | <0.227.0>
  9 |  -3213 | <0.227.0>
 10 |   1603 | <0.227.0>

Transactions 176
  1 |   2440 | <0.172.0>
  2 |   3135 | <0.172.0>
  3 |   -931 | <0.172.0>
  4 |  -2216 | <0.172.0>
  5 |  -2060 | <0.172.0>
  6 |  -1593 | <0.172.0>
  7 |   2465 | <0.172.0>
  8 |    370 | <0.172.0>
  9 |  -3213 | <0.172.0>
 10 |   1603 | <0.172.0>

Transactions 176
  1 |   2440 | <0.244.0>
  2 |   3135 | <0.244.0>
  3 |   -931 | <0.244.0>
  4 |  -2216 | <0.244.0>
  5 |  -2060 | <0.244.0>
  6 |  -1593 | <0.244.0>
  7 |   2465 | <0.244.0>
  8 |    370 | <0.244.0>
  9 |  -3213 | <0.244.0>
 10 |   1603 | <0.244.0>

Transactions 176
  1 |   2440 | <0.254.0>
  2 |   3135 | <0.254.0>
  3 |   -931 | <0.254.0>
  4 |  -2216 | <0.254.0>
  5 |  -2060 | <0.254.0>
  6 |  -1593 | <0.254.0>
  7 |   2465 | <0.254.0>
  8 |    370 | <0.254.0>
  9 |  -3213 | <0.254.0>
 10 |   1603 | <0.254.0>

Transactions 176
  1 |   2440 | <0.180.0>
  2 |   3135 | <0.180.0>
  3 |   -931 | <0.180.0>
  4 |  -2216 | <0.180.0>
  5 |  -2060 | <0.180.0>
  6 |  -1593 | <0.180.0>
  7 |   2465 | <0.180.0>
  8 |    370 | <0.180.0>
  9 |  -3213 | <0.180.0>
 10 |   1603 | <0.180.0>

Transactions 176
  1 |   2440 | <0.216.0>
  2 |   3135 | <0.216.0>
  3 |   -931 | <0.216.0>
  4 |  -2216 | <0.216.0>
  5 |  -2060 | <0.216.0>
  6 |  -1593 | <0.216.0>
  7 |   2465 | <0.216.0>
  8 |    370 | <0.216.0>
  9 |  -3213 | <0.216.0>
 10 |   1603 | <0.216.0>

Transactions 176
  1 |   2440 | <0.230.0>
  2 |   3135 | <0.230.0>
  3 |   -931 | <0.230.0>
  4 |  -2216 | <0.230.0>
  5 |  -2060 | <0.230.0>
  6 |  -1593 | <0.230.0>
  7 |   2465 | <0.230.0>
  8 |    370 | <0.230.0>
  9 |  -3213 | <0.230.0>
 10 |   1603 | <0.230.0>

Transactions 176
  1 |   2440 | <0.240.0>
  2 |   3135 | <0.240.0>
  3 |   -931 | <0.240.0>
  4 |  -2216 | <0.240.0>
  5 |  -2060 | <0.240.0>
  6 |  -1593 | <0.240.0>
  7 |   2465 | <0.240.0>
  8 |    370 | <0.240.0>
  9 |  -3213 | <0.240.0>
 10 |   1603 | <0.240.0>

Transactions 176
  1 |   2440 | <0.252.0>
  2 |   3135 | <0.252.0>
  3 |   -931 | <0.252.0>
  4 |  -2216 | <0.252.0>
  5 |  -2060 | <0.252.0>
  6 |  -1593 | <0.252.0>
  7 |   2465 | <0.252.0>
  8 |    370 | <0.252.0>
  9 |  -3213 | <0.252.0>
 10 |   1603 | <0.252.0>

Transactions 176
  1 |   2440 | <0.292.0>
  2 |   3135 | <0.292.0>
  3 |   -931 | <0.292.0>
  4 |  -2216 | <0.292.0>
  5 |  -2060 | <0.292.0>
  6 |  -1593 | <0.292.0>
  7 |   2465 | <0.292.0>
  8 |    370 | <0.292.0>
  9 |  -3213 | <0.292.0>
 10 |   1603 | <0.292.0>

Transactions 176
  1 |   2440 | <0.113.0>
  2 |   3135 | <0.113.0>
  3 |   -931 | <0.113.0>
  4 |  -2216 | <0.113.0>
  5 |  -2060 | <0.113.0>
  6 |  -1593 | <0.113.0>
  7 |   2465 | <0.113.0>
  8 |    370 | <0.113.0>
  9 |  -3213 | <0.113.0>
 10 |   1603 | <0.113.0>

Transactions 176
  1 |   2440 | <0.272.0>
  2 |   3135 | <0.272.0>
  3 |   -931 | <0.272.0>
  4 |  -2216 | <0.272.0>
  5 |  -2060 | <0.272.0>
  6 |  -1593 | <0.272.0>
  7 |   2465 | <0.272.0>
  8 |    370 | <0.272.0>
  9 |  -3213 | <0.272.0>
 10 |   1603 | <0.272.0>

Transactions 176
  1 |   2440 | <0.278.0>
  2 |   3135 | <0.278.0>
  3 |   -931 | <0.278.0>
  4 |  -2216 | <0.278.0>
  5 |  -2060 | <0.278.0>
  6 |  -1593 | <0.278.0>
  7 |   2465 | <0.278.0>
  8 |    370 | <0.278.0>
  9 |  -3213 | <0.278.0>
 10 |   1603 | <0.278.0>

Transactions 176
  1 |   2440 | <0.119.0>
  2 |   3135 | <0.119.0>
  3 |   -931 | <0.119.0>
  4 |  -2216 | <0.119.0>
  5 |  -2060 | <0.119.0>
  6 |  -1593 | <0.119.0>
  7 |   2465 | <0.119.0>
  8 |    370 | <0.119.0>
  9 |  -3213 | <0.119.0>
 10 |   1603 | <0.119.0>

Transactions 176
  1 |   2440 | <0.125.0>
  2 |   3135 | <0.125.0>
  3 |   -931 | <0.125.0>
  4 |  -2216 | <0.125.0>
  5 |  -2060 | <0.125.0>
  6 |  -1593 | <0.125.0>
  7 |   2465 | <0.125.0>
  8 |    370 | <0.125.0>
  9 |  -3213 | <0.125.0>
 10 |   1603 | <0.125.0>

Transactions 176
  1 |   2440 | <0.132.0>
  2 |   3135 | <0.132.0>
  3 |   -931 | <0.132.0>
  4 |  -2216 | <0.132.0>
  5 |  -2060 | <0.132.0>
  6 |  -1593 | <0.132.0>
  7 |   2465 | <0.132.0>
  8 |    370 | <0.132.0>
  9 |  -3213 | <0.132.0>
 10 |   1603 | <0.132.0>

Transactions 176
  1 |   2440 | <0.136.0>
  2 |   3135 | <0.136.0>
  3 |   -931 | <0.136.0>
  4 |  -2216 | <0.136.0>
  5 |  -2060 | <0.136.0>
  6 |  -1593 | <0.136.0>
  7 |   2465 | <0.136.0>
  8 |    370 | <0.136.0>
  9 |  -3213 | <0.136.0>
 10 |   1603 | <0.136.0>

Transactions 176
  1 |   2440 | <0.300.0>
  2 |   3135 | <0.300.0>
  3 |   -931 | <0.300.0>
  4 |  -2216 | <0.300.0>
  5 |  -2060 | <0.300.0>
  6 |  -1593 | <0.300.0>
  7 |   2465 | <0.300.0>
  8 |    370 | <0.300.0>
  9 |  -3213 | <0.300.0>
 10 |   1603 | <0.300.0>

Transactions 176
  1 |   2440 | <0.140.0>
  2 |   3135 | <0.140.0>
  3 |   -931 | <0.140.0>
  4 |  -2216 | <0.140.0>
  5 |  -2060 | <0.140.0>
  6 |  -1593 | <0.140.0>
  7 |   2465 | <0.140.0>
  8 |    370 | <0.140.0>
  9 |  -3213 | <0.140.0>
 10 |   1603 | <0.140.0>

Transactions 176
  1 |   2440 | <0.148.0>
  2 |   3135 | <0.148.0>
  3 |   -931 | <0.148.0>
  4 |  -2216 | <0.148.0>
  5 |  -2060 | <0.148.0>
  6 |  -1593 | <0.148.0>
  7 |   2465 | <0.148.0>
  8 |    370 | <0.148.0>
  9 |  -3213 | <0.148.0>
 10 |   1603 | <0.148.0>

Transactions 176
  1 |   2440 | <0.156.0>
  2 |   3135 | <0.156.0>
  3 |   -931 | <0.156.0>
  4 |  -2216 | <0.156.0>
  5 |  -2060 | <0.156.0>
  6 |  -1593 | <0.156.0>
  7 |   2465 | <0.156.0>
  8 |    370 | <0.156.0>
  9 |  -3213 | <0.156.0>
 10 |   1603 | <0.156.0>

Transactions 176
  1 |   2440 | <0.164.0>
  2 |   3135 | <0.164.0>
  3 |   -931 | <0.164.0>
  4 |  -2216 | <0.164.0>
  5 |  -2060 | <0.164.0>
  6 |  -1593 | <0.164.0>
  7 |   2465 | <0.164.0>
  8 |    370 | <0.164.0>
  9 |  -3213 | <0.164.0>
 10 |   1603 | <0.164.0>

Transactions 176
  1 |   2440 | <0.168.0>
  2 |   3135 | <0.168.0>
  3 |   -931 | <0.168.0>
  4 |  -2216 | <0.168.0>
  5 |  -2060 | <0.168.0>
  6 |  -1593 | <0.168.0>
  7 |   2465 | <0.168.0>
  8 |    370 | <0.168.0>
  9 |  -3213 | <0.168.0>
 10 |   1603 | <0.168.0>

Transactions 176
  1 |   2440 | <0.176.0>
  2 |   3135 | <0.176.0>
  3 |   -931 | <0.176.0>
  4 |  -2216 | <0.176.0>
  5 |  -2060 | <0.176.0>
  6 |  -1593 | <0.176.0>
  7 |   2465 | <0.176.0>
  8 |    370 | <0.176.0>
  9 |  -3213 | <0.176.0>
 10 |   1603 | <0.176.0>
