erlc -o multipaxos/ebin multipaxos/acceptor.erl
erlc -o multipaxos/ebin multipaxos/client.erl
erlc -o multipaxos/ebin multipaxos/commander.erl
erlc -o multipaxos/ebin multipaxos/database.erl
erlc -o multipaxos/ebin multipaxos/leader.erl
erlc -o multipaxos/ebin multipaxos/replica.erl
erlc -o multipaxos/ebin multipaxos/scout.erl
erlc -o multipaxos/ebin multipaxos/server.erl
erlc -o multipaxos/ebin multipaxos/system_0.erl
erlc -o multipaxos/ebin multipaxos/system_1.erl
erlc -o multipaxos/ebin multipaxos/system_2.erl
erl -noshell -pa multipaxos/ebin -setcookie pass -s system_2 start
SYSTEM:	25 servers, 1000 clients, 10 accounts

Transactions 16
  1 |  -1130 | <0.135.0> 
  2 |  -2328 | <0.135.0> 
  3 |  -1113 | <0.135.0> 
  4 |    396 | <0.135.0> 
  5 |    440 | <0.135.0> 
  6 |   1852 | <0.135.0> 
  7 |    857 | <0.135.0> 
  8 |   -466 | <0.135.0> 
  9 |   1932 | <0.135.0> 
 10 |   -440 | <0.135.0> 

Transactions 15
  1 |  -1130 | <0.87.0> 
  2 |  -2328 | <0.87.0> 
  3 |   -927 | <0.87.0> 
  4 |    396 | <0.87.0> 
  5 |    440 | <0.87.0> 
  6 |   1666 | <0.87.0> 
  7 |    857 | <0.87.0> 
  8 |   -466 | <0.87.0> 
  9 |   1932 | <0.87.0> 
 10 |   -440 | <0.87.0> 

Transactions 12
  1 |   -846 | <0.103.0> 
  2 |  -1628 | <0.103.0> 
  3 |   -927 | <0.103.0> 
  4 |   -304 | <0.103.0> 
  5 |    440 | <0.103.0> 
  6 |   1382 | <0.103.0> 
  7 |    857 | <0.103.0> 
  8 |   -466 | <0.103.0> 
  9 |   1932 | <0.103.0> 
 10 |   -440 | <0.103.0> 

Transactions 12
  1 |   -846 | <0.111.0> 
  2 |  -1628 | <0.111.0> 
  3 |   -927 | <0.111.0> 
  4 |   -304 | <0.111.0> 
  5 |    440 | <0.111.0> 
  6 |   1382 | <0.111.0> 
  7 |    857 | <0.111.0> 
  8 |   -466 | <0.111.0> 
  9 |   1932 | <0.111.0> 
 10 |   -440 | <0.111.0> 

Transactions 14
  1 |  -1130 | <0.123.0> 
  2 |  -1628 | <0.123.0> 
  3 |   -927 | <0.123.0> 
  4 |   -304 | <0.123.0> 
  5 |    440 | <0.123.0> 
  6 |   1666 | <0.123.0> 
  7 |    857 | <0.123.0> 
  8 |   -466 | <0.123.0> 
  9 |   1932 | <0.123.0> 
 10 |   -440 | <0.123.0> 

Transactions 12
  1 |   -846 | <0.139.0> 
  2 |  -1628 | <0.139.0> 
  3 |   -927 | <0.139.0> 
  4 |   -304 | <0.139.0> 
  5 |    440 | <0.139.0> 
  6 |   1382 | <0.139.0> 
  7 |    857 | <0.139.0> 
  8 |   -466 | <0.139.0> 
  9 |   1932 | <0.139.0> 
 10 |   -440 | <0.139.0> 

Transactions 13
  1 |  -1130 | <0.99.0> 
  2 |  -1628 | <0.99.0> 
  3 |   -927 | <0.99.0> 
  4 |   -304 | <0.99.0> 
  5 |    440 | <0.99.0> 
  6 |   1666 | <0.99.0> 
  7 |    857 | <0.99.0> 
  8 |   -466 | <0.99.0> 
  9 |   1932 | <0.99.0> 
 10 |   -440 | <0.99.0> 

Transactions 15
  1 |  -1130 | <0.147.0> 
  2 |  -2328 | <0.147.0> 
  3 |   -927 | <0.147.0> 
  4 |    396 | <0.147.0> 
  5 |    440 | <0.147.0> 
  6 |   1666 | <0.147.0> 
  7 |    857 | <0.147.0> 
  8 |   -466 | <0.147.0> 
  9 |   1932 | <0.147.0> 
 10 |   -440 | <0.147.0> 

Transactions 12
  1 |   -846 | <0.167.0> 
  2 |  -1628 | <0.167.0> 
  3 |   -927 | <0.167.0> 
  4 |   -304 | <0.167.0> 
  5 |    440 | <0.167.0> 
  6 |   1382 | <0.167.0> 
  7 |    857 | <0.167.0> 
  8 |   -466 | <0.167.0> 
  9 |   1932 | <0.167.0> 
 10 |   -440 | <0.167.0> 

Transactions 15
  1 |  -1130 | <0.79.0> 
  2 |  -2328 | <0.79.0> 
  3 |   -927 | <0.79.0> 
  4 |    396 | <0.79.0> 
  5 |    440 | <0.79.0> 
  6 |   1666 | <0.79.0> 
  7 |    857 | <0.79.0> 
  8 |   -466 | <0.79.0> 
  9 |   1932 | <0.79.0> 
 10 |   -440 | <0.79.0> 

Transactions 15
  1 |  -1130 | <0.91.0> 
  2 |  -2328 | <0.91.0> 
  3 |   -927 | <0.91.0> 
  4 |    396 | <0.91.0> 
  5 |    440 | <0.91.0> 
  6 |   1666 | <0.91.0> 
  7 |    857 | <0.91.0> 
  8 |   -466 | <0.91.0> 
  9 |   1932 | <0.91.0> 
 10 |   -440 | <0.91.0> 

Transactions 12
  1 |   -846 | <0.119.0> 
  2 |  -1628 | <0.119.0> 
  3 |   -927 | <0.119.0> 
  4 |   -304 | <0.119.0> 
  5 |    440 | <0.119.0> 
  6 |   1382 | <0.119.0> 
  7 |    857 | <0.119.0> 
  8 |   -466 | <0.119.0> 
  9 |   1932 | <0.119.0> 
 10 |   -440 | <0.119.0> 

Transactions 12
  1 |   -846 | <0.107.0> 
  2 |  -1628 | <0.107.0> 
  3 |   -927 | <0.107.0> 
  4 |   -304 | <0.107.0> 
  5 |    440 | <0.107.0> 
  6 |   1382 | <0.107.0> 
  7 |    857 | <0.107.0> 
  8 |   -466 | <0.107.0> 
  9 |   1932 | <0.107.0> 
 10 |   -440 | <0.107.0> 

Transactions 12
  1 |   -846 | <0.115.0> 
  2 |  -1628 | <0.115.0> 
  3 |   -927 | <0.115.0> 
  4 |   -304 | <0.115.0> 
  5 |    440 | <0.115.0> 
  6 |   1382 | <0.115.0> 
  7 |    857 | <0.115.0> 
  8 |   -466 | <0.115.0> 
  9 |   1932 | <0.115.0> 
 10 |   -440 | <0.115.0> 

Transactions 13
  1 |  -1130 | <0.127.0> 
  2 |  -1628 | <0.127.0> 
  3 |   -927 | <0.127.0> 
  4 |   -304 | <0.127.0> 
  5 |    440 | <0.127.0> 
  6 |   1666 | <0.127.0> 
  7 |    857 | <0.127.0> 
  8 |   -466 | <0.127.0> 
  9 |   1932 | <0.127.0> 
 10 |   -440 | <0.127.0> 

Transactions 15
  1 |  -1130 | <0.131.0> 
  2 |  -2328 | <0.131.0> 
  3 |   -927 | <0.131.0> 
  4 |    396 | <0.131.0> 
  5 |    440 | <0.131.0> 
  6 |   1666 | <0.131.0> 
  7 |    857 | <0.131.0> 
  8 |   -466 | <0.131.0> 
  9 |   1932 | <0.131.0> 
 10 |   -440 | <0.131.0> 

Transactions 11
  1 |   -846 | <0.151.0> 
  2 |  -1628 | <0.151.0> 
  3 |   -927 | <0.151.0> 
  4 |   -304 | <0.151.0> 
  5 |    440 | <0.151.0> 
  6 |   1382 | <0.151.0> 
  7 |    857 | <0.151.0> 
  8 |   -466 | <0.151.0> 
  9 |   1932 | <0.151.0> 
 10 |   -440 | <0.151.0> 

Transactions 12
  1 |   -846 | <0.155.0> 
  2 |  -1628 | <0.155.0> 
  3 |   -927 | <0.155.0> 
  4 |   -304 | <0.155.0> 
  5 |    440 | <0.155.0> 
  6 |   1382 | <0.155.0> 
  7 |    857 | <0.155.0> 
  8 |   -466 | <0.155.0> 
  9 |   1932 | <0.155.0> 
 10 |   -440 | <0.155.0> 

Transactions 12
  1 |   -846 | <0.143.0> 
  2 |  -1628 | <0.143.0> 
  3 |   -927 | <0.143.0> 
  4 |   -304 | <0.143.0> 
  5 |    440 | <0.143.0> 
  6 |   1382 | <0.143.0> 
  7 |    857 | <0.143.0> 
  8 |   -466 | <0.143.0> 
  9 |   1932 | <0.143.0> 
 10 |   -440 | <0.143.0> 

Transactions 12
  1 |   -846 | <0.159.0> 
  2 |  -1628 | <0.159.0> 
  3 |   -927 | <0.159.0> 
  4 |   -304 | <0.159.0> 
  5 |    440 | <0.159.0> 
  6 |   1382 | <0.159.0> 
  7 |    857 | <0.159.0> 
  8 |   -466 | <0.159.0> 
  9 |   1932 | <0.159.0> 
 10 |   -440 | <0.159.0> 

Transactions 12
  1 |   -846 | <0.163.0> 
  2 |  -1628 | <0.163.0> 
  3 |   -927 | <0.163.0> 
  4 |   -304 | <0.163.0> 
  5 |    440 | <0.163.0> 
  6 |   1382 | <0.163.0> 
  7 |    857 | <0.163.0> 
  8 |   -466 | <0.163.0> 
  9 |   1932 | <0.163.0> 
 10 |   -440 | <0.163.0> 

Transactions 12
  1 |   -846 | <0.171.0> 
  2 |  -1628 | <0.171.0> 
  3 |   -927 | <0.171.0> 
  4 |   -304 | <0.171.0> 
  5 |    440 | <0.171.0> 
  6 |   1382 | <0.171.0> 
  7 |    857 | <0.171.0> 
  8 |   -466 | <0.171.0> 
  9 |   1932 | <0.171.0> 
 10 |   -440 | <0.171.0> 

Transactions 12
  1 |   -846 | <0.175.0> 
  2 |  -1628 | <0.175.0> 
  3 |   -927 | <0.175.0> 
  4 |   -304 | <0.175.0> 
  5 |    440 | <0.175.0> 
  6 |   1382 | <0.175.0> 
  7 |    857 | <0.175.0> 
  8 |   -466 | <0.175.0> 
  9 |   1932 | <0.175.0> 
 10 |   -440 | <0.175.0> 

Transactions 12
  1 |   -846 | <0.83.0> 
  2 |  -1628 | <0.83.0> 
  3 |   -927 | <0.83.0> 
  4 |   -304 | <0.83.0> 
  5 |    440 | <0.83.0> 
  6 |   1382 | <0.83.0> 
  7 |    857 | <0.83.0> 
  8 |   -466 | <0.83.0> 
  9 |   1932 | <0.83.0> 
 10 |   -440 | <0.83.0> 

Transactions 12
  1 |   -846 | <0.95.0> 
  2 |  -1628 | <0.95.0> 
  3 |   -927 | <0.95.0> 
  4 |   -304 | <0.95.0> 
  5 |    440 | <0.95.0> 
  6 |   1382 | <0.95.0> 
  7 |    857 | <0.95.0> 
  8 |   -466 | <0.95.0> 
  9 |   1932 | <0.95.0> 
 10 |   -440 | <0.95.0> 


BREAK: (a)bort (c)ontinue (p)roc info (i)nfo (l)oaded
       (v)ersion (k)ill (D)b-tables (d)istribution
